2022-12-16 15:05:03.406  INFO 24356 --- [restartedMain] c.e.c.CollaborateurGestionApplication    : Starting CollaborateurGestionApplication using Java 16 on DCIREODCPR38 with PID 24356 (C:\Users\bddiakite\Desktop\collaborateurGestion\target\classes started by bddiakite in C:\Users\bddiakite\Desktop\collaborateurGestion)
2022-12-16 15:05:03.413  INFO 24356 --- [restartedMain] c.e.c.CollaborateurGestionApplication    : No active profile set, falling back to 1 default profile: "default"
2022-12-16 15:05:03.461  INFO 24356 --- [restartedMain] .e.DevToolsPropertyDefaultsPostProcessor : Devtools property defaults active! Set 'spring.devtools.add-properties' to 'false' to disable
2022-12-16 15:05:03.461  INFO 24356 --- [restartedMain] .e.DevToolsPropertyDefaultsPostProcessor : For additional web related logging consider setting the 'logging.level.web' property to 'DEBUG'
2022-12-16 15:05:03.996  INFO 24356 --- [restartedMain] .s.d.r.c.RepositoryConfigurationDelegate : Bootstrapping Spring Data JPA repositories in DEFAULT mode.
2022-12-16 15:05:04.043  INFO 24356 --- [restartedMain] .s.d.r.c.RepositoryConfigurationDelegate : Finished Spring Data repository scanning in 39 ms. Found 2 JPA repository interfaces.
2022-12-16 15:05:04.656  INFO 24356 --- [restartedMain] o.s.b.w.embedded.tomcat.TomcatWebServer  : Tomcat initialized with port(s): 8080 (http)
2022-12-16 15:05:04.658  INFO 24356 --- [restartedMain] o.a.catalina.core.AprLifecycleListener   : Loaded Apache Tomcat Native library [1.2.31] using APR version [1.7.0].
2022-12-16 15:05:04.658  INFO 24356 --- [restartedMain] o.a.catalina.core.AprLifecycleListener   : APR capabilities: IPv6 [true], sendfile [true], accept filters [false], random [true], UDS [true].
2022-12-16 15:05:04.658  INFO 24356 --- [restartedMain] o.a.catalina.core.AprLifecycleListener   : APR/OpenSSL configuration: useAprConnector [false], useOpenSSL [true]
2022-12-16 15:05:04.674  INFO 24356 --- [restartedMain] o.a.catalina.core.AprLifecycleListener   : OpenSSL successfully initialized [OpenSSL 1.1.1l  24 Aug 2021]
2022-12-16 15:05:04.688  INFO 24356 --- [restartedMain] o.apache.catalina.core.StandardService   : Starting service [Tomcat]
2022-12-16 15:05:04.689  INFO 24356 --- [restartedMain] org.apache.catalina.core.StandardEngine  : Starting Servlet engine: [Apache Tomcat/9.0.69]
2022-12-16 15:05:04.803  INFO 24356 --- [restartedMain] o.a.c.c.C.[Tomcat].[localhost].[/]       : Initializing Spring embedded WebApplicationContext
2022-12-16 15:05:04.804  INFO 24356 --- [restartedMain] w.s.c.ServletWebServerApplicationContext : Root WebApplicationContext: initialization completed in 1343 ms
2022-12-16 15:05:04.879  WARN 24356 --- [restartedMain] JpaBaseConfiguration$JpaWebConfiguration : spring.jpa.open-in-view is enabled by default. Therefore, database queries may be performed during view rendering. Explicitly configure spring.jpa.open-in-view to disable this warning
2022-12-16 15:05:04.944  INFO 24356 --- [restartedMain] o.hibernate.jpa.internal.util.LogHelper  : HHH000204: Processing PersistenceUnitInfo [name: default]
2022-12-16 15:05:04.992  INFO 24356 --- [restartedMain] org.hibernate.Version                    : HHH000412: Hibernate ORM core version 5.6.14.Final
2022-12-16 15:05:05.120  INFO 24356 --- [restartedMain] o.hibernate.annotations.common.Version   : HCANN000001: Hibernate Commons Annotations {5.1.2.Final}
2022-12-16 15:05:05.187  INFO 24356 --- [restartedMain] com.zaxxer.hikari.HikariDataSource       : HikariPool-1 - Starting...
2022-12-16 15:05:05.333  INFO 24356 --- [restartedMain] com.zaxxer.hikari.HikariDataSource       : HikariPool-1 - Start completed.
2022-12-16 15:05:05.349  INFO 24356 --- [restartedMain] org.hibernate.dialect.Dialect            : HHH000400: Using dialect: org.hibernate.dialect.MySQL5InnoDBDialect
2022-12-16 15:05:05.977  INFO 24356 --- [restartedMain] o.h.e.t.j.p.i.JtaPlatformInitiator       : HHH000490: Using JtaPlatform implementation: [org.hibernate.engine.transaction.jta.platform.internal.NoJtaPlatform]
2022-12-16 15:05:05.977  INFO 24356 --- [restartedMain] j.LocalContainerEntityManagerFactoryBean : Initialized JPA EntityManagerFactory for persistence unit 'default'
2022-12-16 15:05:06.580  INFO 24356 --- [restartedMain] o.s.s.web.DefaultSecurityFilterChain     : Will secure any request with [org.springframework.security.web.session.DisableEncodeUrlFilter@5cf6820a, org.springframework.security.web.context.request.async.WebAsyncManagerIntegrationFilter@7f6e20a9, org.springframework.security.web.context.SecurityContextPersistenceFilter@7c3a8fb0, org.springframework.security.web.header.HeaderWriterFilter@13c9515b, org.springframework.web.filter.CorsFilter@77c7b452, org.springframework.security.web.authentication.logout.LogoutFilter@1fddfe86, com.example.collaborateurgestion.Security.jwt.AuthTokenFilter@4e7021c8, org.springframework.security.web.savedrequest.RequestCacheAwareFilter@345bb8f0, org.springframework.security.web.servletapi.SecurityContextHolderAwareRequestFilter@ec91c96, org.springframework.security.web.authentication.AnonymousAuthenticationFilter@412c6384, org.springframework.security.web.session.SessionManagementFilter@19c86635, org.springframework.security.web.access.ExceptionTranslationFilter@5f30544f, org.springframework.security.web.access.intercept.FilterSecurityInterceptor@17ad21b5]
2022-12-16 15:05:06.732  WARN 24356 --- [restartedMain] o.s.b.d.a.OptionalLiveReloadServer       : Unable to start LiveReload server
2022-12-16 15:05:06.747  WARN 24356 --- [restartedMain] ConfigServletWebServerApplicationContext : Exception encountered during context initialization - cancelling refresh attempt: org.springframework.context.ApplicationContextException: Failed to start bean 'webServerStartStop'; nested exception is org.springframework.boot.web.server.PortInUseException: Port 8080 is already in use
2022-12-16 15:05:06.747  INFO 24356 --- [restartedMain] j.LocalContainerEntityManagerFactoryBean : Closing JPA EntityManagerFactory for persistence unit 'default'
2022-12-16 15:05:06.747  INFO 24356 --- [restartedMain] com.zaxxer.hikari.HikariDataSource       : HikariPool-1 - Shutdown initiated...
2022-12-16 15:05:06.761  INFO 24356 --- [restartedMain] com.zaxxer.hikari.HikariDataSource       : HikariPool-1 - Shutdown completed.
2022-12-16 15:05:06.761  INFO 24356 --- [restartedMain] o.apache.catalina.core.StandardService   : Stopping service [Tomcat]
2022-12-16 15:05:06.761  INFO 24356 --- [restartedMain] ConditionEvaluationReportLoggingListener : 

Error starting ApplicationContext. To display the conditions report re-run your application with 'debug' enabled.
2022-12-16 15:05:06.777 ERROR 24356 --- [restartedMain] o.s.b.d.LoggingFailureAnalysisReporter   : 

***************************
APPLICATION FAILED TO START
***************************

Description:

Web server failed to start. Port 8080 was already in use.

Action:

Identify and stop the process that's listening on port 8080 or configure this application to listen on another port.

2022-12-16 15:48:31.869  INFO 11776 --- [restartedMain] c.e.c.CollaborateurGestionApplication    : Starting CollaborateurGestionApplication using Java 16 on DCIREODCPR38 with PID 11776 (C:\Users\bddiakite\Desktop\collaborateurGestion\target\classes started by bddiakite in C:\Users\bddiakite\Desktop\collaborateurGestion)
2022-12-16 15:48:31.871  INFO 11776 --- [restartedMain] c.e.c.CollaborateurGestionApplication    : No active profile set, falling back to 1 default profile: "default"
2022-12-16 15:48:31.914  INFO 11776 --- [restartedMain] .e.DevToolsPropertyDefaultsPostProcessor : Devtools property defaults active! Set 'spring.devtools.add-properties' to 'false' to disable
2022-12-16 15:48:31.914  INFO 11776 --- [restartedMain] .e.DevToolsPropertyDefaultsPostProcessor : For additional web related logging consider setting the 'logging.level.web' property to 'DEBUG'
2022-12-16 15:48:32.446  INFO 11776 --- [restartedMain] .s.d.r.c.RepositoryConfigurationDelegate : Bootstrapping Spring Data JPA repositories in DEFAULT mode.
2022-12-16 15:48:32.491  INFO 11776 --- [restartedMain] .s.d.r.c.RepositoryConfigurationDelegate : Finished Spring Data repository scanning in 39 ms. Found 2 JPA repository interfaces.
2022-12-16 15:48:32.961  INFO 11776 --- [restartedMain] o.s.b.w.embedded.tomcat.TomcatWebServer  : Tomcat initialized with port(s): 8080 (http)
2022-12-16 15:48:32.963  INFO 11776 --- [restartedMain] o.a.catalina.core.AprLifecycleListener   : Loaded Apache Tomcat Native library [1.2.31] using APR version [1.7.0].
2022-12-16 15:48:32.963  INFO 11776 --- [restartedMain] o.a.catalina.core.AprLifecycleListener   : APR capabilities: IPv6 [true], sendfile [true], accept filters [false], random [true], UDS [true].
2022-12-16 15:48:32.963  INFO 11776 --- [restartedMain] o.a.catalina.core.AprLifecycleListener   : APR/OpenSSL configuration: useAprConnector [false], useOpenSSL [true]
2022-12-16 15:48:32.967  INFO 11776 --- [restartedMain] o.a.catalina.core.AprLifecycleListener   : OpenSSL successfully initialized [OpenSSL 1.1.1l  24 Aug 2021]
2022-12-16 15:48:32.975  INFO 11776 --- [restartedMain] o.apache.catalina.core.StandardService   : Starting service [Tomcat]
2022-12-16 15:48:32.975  INFO 11776 --- [restartedMain] org.apache.catalina.core.StandardEngine  : Starting Servlet engine: [Apache Tomcat/9.0.69]
2022-12-16 15:48:33.055  INFO 11776 --- [restartedMain] o.a.c.c.C.[Tomcat].[localhost].[/]       : Initializing Spring embedded WebApplicationContext
2022-12-16 15:48:33.055  INFO 11776 --- [restartedMain] w.s.c.ServletWebServerApplicationContext : Root WebApplicationContext: initialization completed in 1140 ms
2022-12-16 15:48:33.116  WARN 11776 --- [restartedMain] JpaBaseConfiguration$JpaWebConfiguration : spring.jpa.open-in-view is enabled by default. Therefore, database queries may be performed during view rendering. Explicitly configure spring.jpa.open-in-view to disable this warning
2022-12-16 15:48:33.187  INFO 11776 --- [restartedMain] o.hibernate.jpa.internal.util.LogHelper  : HHH000204: Processing PersistenceUnitInfo [name: default]
2022-12-16 15:48:33.236  INFO 11776 --- [restartedMain] org.hibernate.Version                    : HHH000412: Hibernate ORM core version 5.6.14.Final
2022-12-16 15:48:33.337  INFO 11776 --- [restartedMain] o.hibernate.annotations.common.Version   : HCANN000001: Hibernate Commons Annotations {5.1.2.Final}
2022-12-16 15:48:33.401  INFO 11776 --- [restartedMain] com.zaxxer.hikari.HikariDataSource       : HikariPool-1 - Starting...
2022-12-16 15:48:33.492  INFO 11776 --- [restartedMain] com.zaxxer.hikari.HikariDataSource       : HikariPool-1 - Start completed.
2022-12-16 15:48:33.506  INFO 11776 --- [restartedMain] org.hibernate.dialect.Dialect            : HHH000400: Using dialect: org.hibernate.dialect.MySQL5InnoDBDialect
2022-12-16 15:48:33.997  INFO 11776 --- [restartedMain] o.h.e.t.j.p.i.JtaPlatformInitiator       : HHH000490: Using JtaPlatform implementation: [org.hibernate.engine.transaction.jta.platform.internal.NoJtaPlatform]
2022-12-16 15:48:34.004  INFO 11776 --- [restartedMain] j.LocalContainerEntityManagerFactoryBean : Initialized JPA EntityManagerFactory for persistence unit 'default'
2022-12-16 15:48:34.679  INFO 11776 --- [restartedMain] o.s.s.web.DefaultSecurityFilterChain     : Will secure any request with [org.springframework.security.web.session.DisableEncodeUrlFilter@2ab6c4b0, org.springframework.security.web.context.request.async.WebAsyncManagerIntegrationFilter@4a21b49c, org.springframework.security.web.context.SecurityContextPersistenceFilter@47527da0, org.springframework.security.web.header.HeaderWriterFilter@38f94d19, org.springframework.web.filter.CorsFilter@66d1adc9, org.springframework.security.web.authentication.logout.LogoutFilter@77077d2c, com.example.collaborateurgestion.Security.jwt.AuthTokenFilter@25acda5, org.springframework.security.web.savedrequest.RequestCacheAwareFilter@fb614bc, org.springframework.security.web.servletapi.SecurityContextHolderAwareRequestFilter@14984d26, org.springframework.security.web.authentication.AnonymousAuthenticationFilter@4b98d46, org.springframework.security.web.session.SessionManagementFilter@15d609ba, org.springframework.security.web.access.ExceptionTranslationFilter@78157235, org.springframework.security.web.access.intercept.FilterSecurityInterceptor@698633a2]
2022-12-16 15:48:34.849  INFO 11776 --- [restartedMain] o.s.b.d.a.OptionalLiveReloadServer       : LiveReload server is running on port 35729
2022-12-16 15:48:34.883  INFO 11776 --- [restartedMain] o.s.b.w.embedded.tomcat.TomcatWebServer  : Tomcat started on port(s): 8080 (http) with context path ''
2022-12-16 15:48:34.894  INFO 11776 --- [restartedMain] c.e.c.CollaborateurGestionApplication    : Started CollaborateurGestionApplication in 3.318 seconds (JVM running for 4.225)
2022-12-16 15:48:34.916  INFO 11776 --- [SpringApplicationShutdownHook] j.LocalContainerEntityManagerFactoryBean : Closing JPA EntityManagerFactory for persistence unit 'default'
2022-12-16 15:48:34.918  INFO 11776 --- [SpringApplicationShutdownHook] com.zaxxer.hikari.HikariDataSource       : HikariPool-1 - Shutdown initiated...
2022-12-16 15:48:34.924  INFO 11776 --- [SpringApplicationShutdownHook] com.zaxxer.hikari.HikariDataSource       : HikariPool-1 - Shutdown completed.
